<?xml version="1.0" encoding="UTF-8"?>
<testng-results ignored="0" total="1" passed="1" failed="0" skipped="0">
  <reporter-output>
  </reporter-output>
  <suite started-at="2022-10-22T12:29:22 IST" name="Suite" finished-at="2022-10-22T12:29:50 IST" duration-ms="27715">
    <groups>
    </groups>
    <test started-at="2022-10-22T12:29:22 IST" name="Test" finished-at="2022-10-22T12:29:50 IST" duration-ms="27715">
      <class name="testCases.TC_01_myAccountTest">
        <test-method is-config="true" signature="setUp()[pri:0, instance:testCases.TC_01_myAccountTest@78e4deb0]" started-at="2022-10-22T12:29:22 IST" name="setUp" finished-at="2022-10-22T12:29:32 IST" duration-ms="9045" status="PASS">
          <reporter-output>
          </reporter-output>
        </test-method> <!-- setUp -->
        <test-method signature="verifyRegistrationAndLogin()[pri:0, instance:testCases.TC_01_myAccountTest@78e4deb0]" started-at="2022-10-22T12:29:32 IST" name="verifyRegistrationAndLogin" finished-at="2022-10-22T12:29:50 IST" duration-ms="18627" status="PASS">
          <reporter-output>
          </reporter-output>
        </test-method> <!-- verifyRegistrationAndLogin -->
      </class> <!-- testCases.TC_01_myAccountTest -->
    </test> <!-- Test -->
  </suite> <!-- Suite -->
</testng-results>
